<?xml version="1.0" encoding="UTF-8"?>
<!-- Generated by org.testng.reporters.JUnitReportReporter -->
<testsuite skipped="0" hostname="LTIN336994" name="com.browserstack.demo.Test.ParallelTestWithMultiThread" tests="2" failures="0" timestamp="21 Sep 2021 14:49:57 GMT" time="52.883" errors="0">
  <testcase name="testOnFirefoxWithFlipKartUrl" time="18.592" classname="com.browserstack.demo.Test.ParallelTestWithMultiThread"/>
  <testcase name="testOnChromeWithFlipKartUrl" time="34.291" classname="com.browserstack.demo.Test.ParallelTestWithMultiThread"/>
</testsuite> <!-- com.browserstack.demo.Test.ParallelTestWithMultiThread -->
