<?xml version="1.0" encoding="UTF-8"?>
<!-- Generated by org.testng.reporters.JUnitReportReporter -->
<testsuite skipped="0" hostname="LTIN336994" name="com.browserstack.demo.Test.ParallelTestWithMultiThreadBrowserStack" tests="2" failures="0" timestamp="21 Sep 2021 14:50:57 GMT" time="81.732" errors="0">
  <testcase name="testOnChromeWithFlipKartUrl" time="50.275" classname="com.browserstack.demo.Test.ParallelTestWithMultiThreadBrowserStack"/>
  <testcase name="testOnFirefoxWithFlipKartUrl" time="31.457" classname="com.browserstack.demo.Test.ParallelTestWithMultiThreadBrowserStack"/>
</testsuite> <!-- com.browserstack.demo.Test.ParallelTestWithMultiThreadBrowserStack -->
